<?xml version="1.0" encoding="UTF-8"?>
<!-- Generated by org.testng.reporters.JUnitReportReporter -->
<testsuite skipped="3" hostname="Anju" name="waetherAPI.weatherAPICall" tests="4" failures="0" timestamp="21 Sep 2021 10:27:55 GMT" time="10.318" errors="0">
  <testcase name="gettingWeatherInfo4" time="10.318" classname="waetherAPI.weatherAPICall"/>
  <testcase name="gettingWeatherInfo2" classname="waetherAPI.weatherAPICall">
    <skipped/>
  </testcase> <!-- gettingWeatherInfo2 -->
  <testcase name="gettingWeatherInfo3" classname="waetherAPI.weatherAPICall">
    <skipped/>
  </testcase> <!-- gettingWeatherInfo3 -->
  <testcase name="gettingWeatherInfo" classname="waetherAPI.weatherAPICall">
    <skipped/>
  </testcase> <!-- gettingWeatherInfo -->
</testsuite> <!-- waetherAPI.weatherAPICall -->
