<?xml version="1.0" encoding="UTF-8"?>
<!-- Generated by org.testng.reporters.JUnitReportReporter -->
<testsuite skipped="0" hostname="Anju" name="contactListAPI.NegativeTest" tests="5" failures="0" timestamp="21 Sep 2021 09:34:09 GMT" time="18.179" errors="0">
  <testcase name="gettingAllContact" time="0.703" classname="contactListAPI.NegativeTest"/>
  <testcase name="AddContactWithMoreCharacter" time="0.758" classname="contactListAPI.NegativeTest"/>
  <testcase name="ImproperFormat" time="0.734" classname="contactListAPI.NegativeTest"/>
  <testcase name="AddContactWithMissingEmailID" time="15.146" classname="contactListAPI.NegativeTest"/>
  <testcase name="InvalidCharacter" time="0.838" classname="contactListAPI.NegativeTest"/>
</testsuite> <!-- contactListAPI.NegativeTest -->
