<?xml version="1.0" encoding="UTF-8"?>
<!-- Generated by org.testng.reporters.JUnitReportReporter -->
<testsuite skipped="1" hostname="Anju" name="contactListAPI.PositiveTest" tests="5" failures="0" timestamp="21 Sep 2021 08:25:46 GMT" time="12.117" errors="0">
  <testcase name="AddContact" time="10.078" classname="contactListAPI.PositiveTest"/>
  <testcase name="UpdateContact" time="0.618" classname="contactListAPI.PositiveTest"/>
  <testcase name="getSpecificContact" time="0.776" classname="contactListAPI.PositiveTest"/>
  <testcase name="deleteContact" time="0.645" classname="contactListAPI.PositiveTest"/>
  <testcase name="gettingAllContact" classname="contactListAPI.PositiveTest">
    <skipped/>
  </testcase> <!-- gettingAllContact -->
</testsuite> <!-- contactListAPI.PositiveTest -->
